
ROM used: 108 (0%)
          108 (0%) including unused fragments

          0 Average locations per line
          14 Average locations per statement

RAM used: 5 (0%) at main() level
          6 (0%) worst case

Stack used: 1 worst case (out of 31 total available)

Lines Stmts  %   Files
----- ----- ---  -----
   17     8 100  mando_xbox.c
   28     0   0  mando_xbox.h
  461     0   0  ..\..\..\..\..\..\..\..\Program Files (x86)\PICC\Devices\18F4550.h
----- -----
  506     8 Total

Page ROM  %  RAM   Vol Diff  Functions:
---- --- --- ---   --- ----  ----------
0     38  18   1             @delay_ms1
0     66  31   1   165  2.7  main

Program metrics:
    Functions               1
    Statements              8
    Comments                106
    Volume (V)              167
    Difficilty (D)          2.5
    Effort to implement (E) 422
    Time to implement (T)   0 minutes
    Est Delivered Bugs (B)  0
    Cyclomatic Complexity   1
    Maintainability (MI)    98

 Segment     Used  Free
-----------  ----  ----
00000-00002     4  0  
00004-07FFE   104  32660  



