CCS PCH C Compiler, Version 4.114, 93460303               05-dic.-18 18:30

               Filename: C:\Users\JuanAlberto\Documents\ITA\7° Semestre\Microcontroladores\Proyecto Final\Controller\mando_xbox.lst

               ROM used: 108 bytes (0%)
                         Largest free fragment is 32660
               RAM used: 5 (0%) at main() level
                         6 (0%) worst case
               Stack:    1 locations

*
0000:  GOTO   002A
.................... #include <mando_xbox.h> 
.................... #include <18F4550.h> 
.................... //////// Standard Header file for the PIC18F4550 device //////////////// 
.................... #device PIC18F4550 
.................... #list 
....................  
....................  
.................... #FUSES NOWDT                    //No Watch Dog Timer 
.................... #FUSES WDT128                   //Watch Dog Timer uses 1:128 Postscale 
.................... //#FUSES LP                       //Low power osc < 200 khz 
.................... #FUSES FCMEN                    //Fail-safe clock monitor enabled 
.................... #FUSES IESO                     //Internal External Switch Over mode enabled 
.................... #FUSES NOPUT                    //No Power Up Timer 
.................... #FUSES NOBROWNOUT               //No brownout reset 
.................... #FUSES BORV20                   //Brownout reset at 2.0V 
.................... #FUSES PBADEN                   //PORTB pins are configured as analog input channels on RESET 
.................... #FUSES LPT1OSC                  //Timer1 configured for low-power operation 
.................... #FUSES MCLR                     //Master Clear pin enabled 
.................... #FUSES STVREN                   //Stack full/underflow will cause reset 
.................... #FUSES NOLVP                    //No low voltage prgming, B3(PIC16) or B5(PIC18) used for I/O 
.................... #FUSES NOXINST                  //Extended set extension and Indexed Addressing mode disabled (Legacy mode) 
.................... #FUSES NODEBUG                  //No Debug mode for ICD 
.................... #FUSES NOPROTECT                //Code not protected from reading 
.................... #FUSES NOCPB                    //No Boot Block code protection 
.................... #FUSES NOWRT                    //Program memory not write protected 
.................... #FUSES NOWRTC                   //configuration not registers write protected 
.................... #FUSES NOWRTB                   //Boot block not write protected 
.................... #FUSES NOEBTR                   //Memory not protected from table reads 
.................... #FUSES NOEBTRB                  //Boot block not protected from table reads 
....................  
.................... #use delay(clock=20000000) 
0004:  CLRF   FEA
0006:  MOVLW  06
0008:  MOVWF  FE9
000A:  MOVF   FEF,W
000C:  BZ    0028
000E:  MOVLW  06
0010:  MOVWF  01
0012:  CLRF   00
0014:  DECFSZ 00,F
0016:  BRA    0014
0018:  DECFSZ 01,F
001A:  BRA    0012
001C:  MOVLW  7B
001E:  MOVWF  00
0020:  DECFSZ 00,F
0022:  BRA    0020
0024:  DECFSZ FEF,F
0026:  BRA    000E
0028:  RETLW  00
....................  
....................  
....................  
....................  
.................... void main() 
.................... { 
002A:  CLRF   FF8
002C:  BCF    FD0.7
002E:  CLRF   FEA
0030:  CLRF   FE9
0032:  MOVF   FC1,W
0034:  ANDLW  C0
0036:  IORLW  0F
0038:  MOVWF  FC1
003A:  MOVLW  07
003C:  MOVWF  FB4
....................    setup_timer_3(T3_DISABLED|T3_DIV_BY_1); 
003E:  CLRF   FB1
....................    set_tris_d(0x00); 
0040:  MOVLW  00
0042:  MOVWF  F95
....................    while(1){ 
....................       output_bit(PIN_D2,0); 
0044:  BCF    F8C.2
0046:  BCF    F95.2
....................       delay_ms(1000); 
0048:  MOVLW  04
004A:  MOVWF  05
004C:  MOVLW  FA
004E:  MOVWF  06
0050:  RCALL  0004
0052:  DECFSZ 05,F
0054:  BRA    004C
....................       output_bit(PIN_D2,1); 
0056:  BSF    F8C.2
0058:  BCF    F95.2
....................       delay_ms(1000); 
005A:  MOVLW  04
005C:  MOVWF  05
005E:  MOVLW  FA
0060:  MOVWF  06
0062:  RCALL  0004
0064:  DECFSZ 05,F
0066:  BRA    005E
....................    } 
0068:  BRA    0044
....................     
....................  
.................... } 
006A:  SLEEP 

Configuration Fuses:
   Word  1: CF3F   PLL12 CPUDIV4 USBDIV FCMEN IESO
   Word  2: 0E39   NOPUT NOBROWNOUT BORV20 VREGEN NOWDT WDT128
   Word  3: 8700   CCP2C1 PBADEN LPT1OSC MCLR
   Word  4: 00A1   STVREN NOLVP ICPRT NOXINST NODEBUG
   Word  5: C00F   NOPROTECT NOCPB NOCPD
   Word  6: E00F   NOWRT NOWRTC NOWRTB NOWRTD
   Word  7: 400F   NOEBTR NOEBTRB
